-------------------------------------------------------------------------------
Test set: fr.ngando.universite.UniversiteApplicationTests
-------------------------------------------------------------------------------
Tests run: 1, Failures: 0, Errors: 1, Skipped: 0, Time elapsed: 3.349 s <<< FAILURE! - in fr.ngando.universite.UniversiteApplicationTests
contextLoads(fr.ngando.universite.UniversiteApplicationTests)  Time elapsed: 0.001 s  <<< ERROR!
java.lang.IllegalStateException: Failed to load ApplicationContext
Caused by: org.springframework.beans.factory.BeanCreationException: Error creating bean with name 'entityManagerFactory' defined in class path resource [org/springframework/boot/autoconfigure/orm/jpa/HibernateJpaConfiguration.class]: Invocation of init method failed; nested exception is org.hibernate.AnnotationException: mappedBy reference an unknown target entity property: fr.ngando.universite.note.domain.Note.etudiant in fr.ngando.universite.etudiant.domain.Etudiant.notes
Caused by: org.hibernate.AnnotationException: mappedBy reference an unknown target entity property: fr.ngando.universite.note.domain.Note.etudiant in fr.ngando.universite.etudiant.domain.Etudiant.notes

